[ 2017-12-18T11:49:09+08:00 ] 127.0.0.1 /shopsn_api/
INFO: [ app_init ] --START--
INFO: Run Behavior\BuildLiteBehavior [ RunTime:0.000000s ]
INFO: [ app_init ] --END-- [ RunTime:0.000000s ]
INFO: [ app_begin ] --START--
INFO: Run Behavior\ReadHtmlCacheBehavior [ RunTime:0.000000s ]
INFO: [ app_begin ] --END-- [ RunTime:0.001000s ]
ERR: 非法操作:index

[ 2017-12-18T11:56:52+08:00 ] 127.0.0.1 /shopsn_api/
INFO: [ app_init ] --START--
INFO: Run Behavior\BuildLiteBehavior [ RunTime:0.000000s ]
INFO: [ app_init ] --END-- [ RunTime:0.000000s ]
INFO: [ app_begin ] --START--
INFO: Run Behavior\ReadHtmlCacheBehavior [ RunTime:0.001000s ]
INFO: [ app_begin ] --END-- [ RunTime:0.001000s ]
ERR: 非法操作:index

[ 2017-12-18T11:56:53+08:00 ] 127.0.0.1 /shopsn_api/
INFO: [ app_init ] --START--
INFO: Run Behavior\BuildLiteBehavior [ RunTime:0.000000s ]
INFO: [ app_init ] --END-- [ RunTime:0.000000s ]
INFO: [ app_begin ] --START--
INFO: Run Behavior\ReadHtmlCacheBehavior [ RunTime:0.000000s ]
INFO: [ app_begin ] --END-- [ RunTime:0.000000s ]
ERR: 非法操作:index

[ 2017-12-18T11:56:57+08:00 ] 127.0.0.1 /shopsn_api/
INFO: [ app_init ] --START--
INFO: Run Behavior\BuildLiteBehavior [ RunTime:0.000000s ]
INFO: [ app_init ] --END-- [ RunTime:0.000000s ]
INFO: [ app_begin ] --START--
INFO: Run Behavior\ReadHtmlCacheBehavior [ RunTime:0.001000s ]
INFO: [ app_begin ] --END-- [ RunTime:0.001000s ]
ERR: 非法操作:index

[ 2017-12-18T11:58:11+08:00 ] 127.0.0.1 /shopsn_api/
INFO: [ app_init ] --START--
INFO: Run Behavior\BuildLiteBehavior [ RunTime:0.000000s ]
INFO: [ app_init ] --END-- [ RunTime:0.000000s ]
INFO: [ app_begin ] --START--
INFO: Run Behavior\ReadHtmlCacheBehavior [ RunTime:0.001000s ]
INFO: [ app_begin ] --END-- [ RunTime:0.001000s ]
ERR: 非法操作:index

[ 2017-12-18T11:58:12+08:00 ] 127.0.0.1 /shopsn_api/
INFO: [ app_init ] --START--
INFO: Run Behavior\BuildLiteBehavior [ RunTime:0.000000s ]
INFO: [ app_init ] --END-- [ RunTime:0.000000s ]
INFO: [ app_begin ] --START--
INFO: Run Behavior\ReadHtmlCacheBehavior [ RunTime:0.000000s ]
INFO: [ app_begin ] --END-- [ RunTime:0.001000s ]
ERR: 非法操作:index

[ 2017-12-18T11:58:12+08:00 ] 127.0.0.1 /shopsn_api/
INFO: [ app_init ] --START--
INFO: Run Behavior\BuildLiteBehavior [ RunTime:0.000000s ]
INFO: [ app_init ] --END-- [ RunTime:0.000000s ]
INFO: [ app_begin ] --START--
INFO: Run Behavior\ReadHtmlCacheBehavior [ RunTime:0.001000s ]
INFO: [ app_begin ] --END-- [ RunTime:0.001000s ]
ERR: 非法操作:index

[ 2017-12-18T11:58:35+08:00 ] 127.0.0.1 /shopsn_api/
INFO: [ app_init ] --START--
INFO: Run Behavior\BuildLiteBehavior [ RunTime:0.000000s ]
INFO: [ app_init ] --END-- [ RunTime:0.000000s ]
INFO: [ app_begin ] --START--
INFO: Run Behavior\ReadHtmlCacheBehavior [ RunTime:0.000000s ]
INFO: [ app_begin ] --END-- [ RunTime:0.000000s ]
ERR: 非法操作:index

[ 2017-12-18T11:58:36+08:00 ] 127.0.0.1 /shopsn_api/
INFO: [ app_init ] --START--
INFO: Run Behavior\BuildLiteBehavior [ RunTime:0.000000s ]
INFO: [ app_init ] --END-- [ RunTime:0.000000s ]
INFO: [ app_begin ] --START--
INFO: Run Behavior\ReadHtmlCacheBehavior [ RunTime:0.001000s ]
INFO: [ app_begin ] --END-- [ RunTime:0.001000s ]
ERR: 非法操作:index

[ 2017-12-18T11:58:37+08:00 ] 127.0.0.1 /shopsn_api/
INFO: [ app_init ] --START--
INFO: Run Behavior\BuildLiteBehavior [ RunTime:0.000000s ]
INFO: [ app_init ] --END-- [ RunTime:0.000000s ]
INFO: [ app_begin ] --START--
INFO: Run Behavior\ReadHtmlCacheBehavior [ RunTime:0.001000s ]
INFO: [ app_begin ] --END-- [ RunTime:0.001000s ]
ERR: 非法操作:index

[ 2017-12-18T11:58:37+08:00 ] 127.0.0.1 /shopsn_api/
INFO: [ app_init ] --START--
INFO: Run Behavior\BuildLiteBehavior [ RunTime:0.000000s ]
INFO: [ app_init ] --END-- [ RunTime:0.000000s ]
INFO: [ app_begin ] --START--
INFO: Run Behavior\ReadHtmlCacheBehavior [ RunTime:0.001000s ]
INFO: [ app_begin ] --END-- [ RunTime:0.001000s ]
ERR: 非法操作:index

[ 2017-12-18T11:58:37+08:00 ] 127.0.0.1 /shopsn_api/
INFO: [ app_init ] --START--
INFO: Run Behavior\BuildLiteBehavior [ RunTime:0.000000s ]
INFO: [ app_init ] --END-- [ RunTime:0.000000s ]
INFO: [ app_begin ] --START--
INFO: Run Behavior\ReadHtmlCacheBehavior [ RunTime:0.000000s ]
INFO: [ app_begin ] --END-- [ RunTime:0.001000s ]
ERR: 非法操作:index

[ 2017-12-18T11:58:42+08:00 ] 127.0.0.1 /shopsn_api/
INFO: [ app_init ] --START--
INFO: Run Behavior\BuildLiteBehavior [ RunTime:0.000000s ]
INFO: [ app_init ] --END-- [ RunTime:0.000000s ]
INFO: [ app_begin ] --START--
INFO: Run Behavior\ReadHtmlCacheBehavior [ RunTime:0.000000s ]
INFO: [ app_begin ] --END-- [ RunTime:0.000000s ]
ERR: 非法操作:index

[ 2017-12-18T11:58:43+08:00 ] 127.0.0.1 /shopsn_api/
INFO: [ app_init ] --START--
INFO: Run Behavior\BuildLiteBehavior [ RunTime:0.000000s ]
INFO: [ app_init ] --END-- [ RunTime:0.000000s ]
INFO: [ app_begin ] --START--
INFO: Run Behavior\ReadHtmlCacheBehavior [ RunTime:0.000000s ]
INFO: [ app_begin ] --END-- [ RunTime:0.000000s ]
ERR: 非法操作:index

[ 2017-12-18T13:31:24+08:00 ] 127.0.0.1 /shopsn_api/
INFO: [ app_init ] --START--
INFO: Run Behavior\BuildLiteBehavior [ RunTime:0.000000s ]
INFO: [ app_init ] --END-- [ RunTime:0.000000s ]
INFO: [ app_begin ] --START--
INFO: Run Behavior\ReadHtmlCacheBehavior [ RunTime:0.001000s ]
INFO: [ app_begin ] --END-- [ RunTime:0.001000s ]
ERR: 非法操作:index

[ 2017-12-18T13:32:21+08:00 ] 127.0.0.1 /shopsn_api/
INFO: [ app_init ] --START--
INFO: Run Behavior\BuildLiteBehavior [ RunTime:0.000000s ]
INFO: [ app_init ] --END-- [ RunTime:0.000000s ]
INFO: [ app_begin ] --START--
INFO: Run Behavior\ReadHtmlCacheBehavior [ RunTime:0.000000s ]
INFO: [ app_begin ] --END-- [ RunTime:0.000000s ]
ERR: 非法操作:index

[ 2017-12-18T13:34:54+08:00 ] 127.0.0.1 /shopsn_api/index.php/home/register/CommonController
INFO: [ app_init ] --START--
INFO: Run Behavior\BuildLiteBehavior [ RunTime:0.000000s ]
INFO: [ app_init ] --END-- [ RunTime:0.000000s ]
INFO: [ app_begin ] --START--
INFO: Run Behavior\ReadHtmlCacheBehavior [ RunTime:0.001000s ]
INFO: [ app_begin ] --END-- [ RunTime:0.001000s ]
ERR: 非法操作:CommonController

[ 2017-12-18T13:35:34+08:00 ] 127.0.0.1 /shopsn_api/index.php/home/Register/re_send_msg
INFO: [ app_init ] --START--
INFO: Run Behavior\BuildLiteBehavior [ RunTime:0.000000s ]
INFO: [ app_init ] --END-- [ RunTime:0.000000s ]
INFO: [ app_begin ] --START--
INFO: Run Behavior\ReadHtmlCacheBehavior [ RunTime:0.000000s ]
INFO: [ app_begin ] --END-- [ RunTime:0.001000s ]
INFO: [ app_end ] --START--
INFO: Run Behavior\ShowPageTraceBehavior [ RunTime:0.001000s ]
INFO: [ app_end ] --END-- [ RunTime:0.001000s ]

[ 2017-12-18T13:35:43+08:00 ] 127.0.0.1 /shopsn_api/index.php/home/Register/re_send_msg
INFO: [ app_init ] --START--
INFO: Run Behavior\BuildLiteBehavior [ RunTime:0.000000s ]
INFO: [ app_init ] --END-- [ RunTime:0.000000s ]
INFO: [ app_begin ] --START--
INFO: Run Behavior\ReadHtmlCacheBehavior [ RunTime:0.001000s ]
INFO: [ app_begin ] --END-- [ RunTime:0.001000s ]
INFO: [ app_end ] --START--
INFO: Run Behavior\ShowPageTraceBehavior [ RunTime:0.001001s ]
INFO: [ app_end ] --END-- [ RunTime:0.001001s ]

[ 2017-12-18T13:36:23+08:00 ] 127.0.0.1 /shopsn_api/index.php/home/Index/home
INFO: [ app_init ] --START--
INFO: Run Behavior\BuildLiteBehavior [ RunTime:0.000000s ]
INFO: [ app_init ] --END-- [ RunTime:0.001000s ]
INFO: [ app_begin ] --START--
INFO: Run Behavior\ReadHtmlCacheBehavior [ RunTime:0.001000s ]
INFO: [ app_begin ] --END-- [ RunTime:0.001000s ]
NOTIC: [2] Invalid argument supplied for foreach() D:\www\shopsn_api\Application\Home\Model\ClassModel.class.php 第 76 行.
NOTIC: [2] Invalid argument supplied for foreach() D:\www\shopsn_api\Application\Home\Model\ClassModel.class.php 第 76 行.
NOTIC: [2] Invalid argument supplied for foreach() D:\www\shopsn_api\Application\Home\Model\ClassModel.class.php 第 76 行.
NOTIC: [2] Invalid argument supplied for foreach() D:\www\shopsn_api\Application\Home\Model\ClassModel.class.php 第 76 行.
NOTIC: [2] Invalid argument supplied for foreach() D:\www\shopsn_api\Application\Home\Model\ClassModel.class.php 第 76 行.
NOTIC: [2] Invalid argument supplied for foreach() D:\www\shopsn_api\Application\Home\Model\ClassModel.class.php 第 76 行.
NOTIC: [2] Invalid argument supplied for foreach() D:\www\shopsn_api\Application\Home\Model\ClassModel.class.php 第 76 行.
NOTIC: [2] Invalid argument supplied for foreach() D:\www\shopsn_api\Application\Home\Model\ClassModel.class.php 第 76 行.
NOTIC: [2] Invalid argument supplied for foreach() D:\www\shopsn_api\Application\Home\Model\ClassModel.class.php 第 76 行.
NOTIC: [2] Invalid argument supplied for foreach() D:\www\shopsn_api\Application\Home\Model\ClassModel.class.php 第 76 行.
NOTIC: [2] Invalid argument supplied for foreach() D:\www\shopsn_api\Application\Home\Model\ClassModel.class.php 第 76 行.
NOTIC: [2] Invalid argument supplied for foreach() D:\www\shopsn_api\Application\Home\Model\ClassModel.class.php 第 76 行.
NOTIC: [2] Invalid argument supplied for foreach() D:\www\shopsn_api\Application\Home\Model\ClassModel.class.php 第 76 行.
NOTIC: [2] Invalid argument supplied for foreach() D:\www\shopsn_api\Application\Home\Model\ClassModel.class.php 第 76 行.
NOTIC: [2] Invalid argument supplied for foreach() D:\www\shopsn_api\Application\Home\Model\ClassModel.class.php 第 76 行.
NOTIC: [2] Invalid argument supplied for foreach() D:\www\shopsn_api\Application\Home\Model\ClassModel.class.php 第 76 行.
NOTIC: [2] Invalid argument supplied for foreach() D:\www\shopsn_api\Application\Home\Model\ClassModel.class.php 第 76 行.
NOTIC: [2] Invalid argument supplied for foreach() D:\www\shopsn_api\Application\Home\Model\ClassModel.class.php 第 76 行.
NOTIC: [2] Invalid argument supplied for foreach() D:\www\shopsn_api\Application\Home\Model\ClassModel.class.php 第 76 行.
NOTIC: [2] Invalid argument supplied for foreach() D:\www\shopsn_api\Application\Home\Model\ClassModel.class.php 第 76 行.
NOTIC: [2] Invalid argument supplied for foreach() D:\www\shopsn_api\Application\Home\Model\ClassModel.class.php 第 76 行.
NOTIC: [2] Invalid argument supplied for foreach() D:\www\shopsn_api\Application\Home\Model\ClassModel.class.php 第 76 行.
NOTIC: [2] Invalid argument supplied for foreach() D:\www\shopsn_api\Application\Home\Model\ClassModel.class.php 第 76 行.
NOTIC: [2] Invalid argument supplied for foreach() D:\www\shopsn_api\Application\Home\Model\ClassModel.class.php 第 76 行.
NOTIC: [8] Undefined variable: order D:\www\shopsn_api\Application\Home\Model\ClassModel.class.php 第 111 行.
NOTIC: [2] Invalid argument supplied for foreach() D:\www\shopsn_api\Application\Home\Model\ClassModel.class.php 第 76 行.
NOTIC: [2] Invalid argument supplied for foreach() D:\www\shopsn_api\Application\Home\Model\ClassModel.class.php 第 76 行.
NOTIC: [2] Invalid argument supplied for foreach() D:\www\shopsn_api\Application\Home\Model\ClassModel.class.php 第 76 行.
NOTIC: [2] Invalid argument supplied for foreach() D:\www\shopsn_api\Application\Home\Model\ClassModel.class.php 第 76 行.
NOTIC: [2] Invalid argument supplied for foreach() D:\www\shopsn_api\Application\Home\Model\ClassModel.class.php 第 76 行.
NOTIC: [2] Invalid argument supplied for foreach() D:\www\shopsn_api\Application\Home\Model\ClassModel.class.php 第 76 行.
NOTIC: [2] Invalid argument supplied for foreach() D:\www\shopsn_api\Application\Home\Model\ClassModel.class.php 第 76 行.
NOTIC: [2] Invalid argument supplied for foreach() D:\www\shopsn_api\Application\Home\Model\ClassModel.class.php 第 76 行.
NOTIC: [2] Invalid argument supplied for foreach() D:\www\shopsn_api\Application\Home\Model\ClassModel.class.php 第 76 行.
NOTIC: [2] Invalid argument supplied for foreach() D:\www\shopsn_api\Application\Home\Model\ClassModel.class.php 第 76 行.
NOTIC: [2] Invalid argument supplied for foreach() D:\www\shopsn_api\Application\Home\Model\ClassModel.class.php 第 76 行.
NOTIC: [2] Invalid argument supplied for foreach() D:\www\shopsn_api\Application\Home\Model\ClassModel.class.php 第 76 行.
NOTIC: [2] Invalid argument supplied for foreach() D:\www\shopsn_api\Application\Home\Model\ClassModel.class.php 第 76 行.
NOTIC: [2] Invalid argument supplied for foreach() D:\www\shopsn_api\Application\Home\Model\ClassModel.class.php 第 76 行.
NOTIC: [2] Invalid argument supplied for foreach() D:\www\shopsn_api\Application\Home\Model\ClassModel.class.php 第 76 行.
NOTIC: [2] Invalid argument supplied for foreach() D:\www\shopsn_api\Application\Home\Model\ClassModel.class.php 第 76 行.
NOTIC: [2] Invalid argument supplied for foreach() D:\www\shopsn_api\Application\Home\Model\ClassModel.class.php 第 76 行.
NOTIC: [2] Invalid argument supplied for foreach() D:\www\shopsn_api\Application\Home\Model\ClassModel.class.php 第 76 行.
NOTIC: [8] Undefined variable: order D:\www\shopsn_api\Application\Home\Model\ClassModel.class.php 第 111 行.
NOTIC: [2] Invalid argument supplied for foreach() D:\www\shopsn_api\Application\Home\Model\ClassModel.class.php 第 76 行.
NOTIC: [2] Invalid argument supplied for foreach() D:\www\shopsn_api\Application\Home\Model\ClassModel.class.php 第 76 行.
NOTIC: [2] Invalid argument supplied for foreach() D:\www\shopsn_api\Application\Home\Model\ClassModel.class.php 第 76 行.
NOTIC: [2] Invalid argument supplied for foreach() D:\www\shopsn_api\Application\Home\Model\ClassModel.class.php 第 76 行.
NOTIC: [2] Invalid argument supplied for foreach() D:\www\shopsn_api\Application\Home\Model\ClassModel.class.php 第 76 行.
NOTIC: [2] Invalid argument supplied for foreach() D:\www\shopsn_api\Application\Home\Model\ClassModel.class.php 第 76 行.
NOTIC: [2] Invalid argument supplied for foreach() D:\www\shopsn_api\Application\Home\Model\ClassModel.class.php 第 76 行.
NOTIC: [2] Invalid argument supplied for foreach() D:\www\shopsn_api\Application\Home\Model\ClassModel.class.php 第 76 行.
NOTIC: [2] Invalid argument supplied for foreach() D:\www\shopsn_api\Application\Home\Model\ClassModel.class.php 第 76 行.
NOTIC: [2] Invalid argument supplied for foreach() D:\www\shopsn_api\Application\Home\Model\ClassModel.class.php 第 76 行.
NOTIC: [2] Invalid argument supplied for foreach() D:\www\shopsn_api\Application\Home\Model\ClassModel.class.php 第 76 行.
NOTIC: [2] Invalid argument supplied for foreach() D:\www\shopsn_api\Application\Home\Model\ClassModel.class.php 第 76 行.
NOTIC: [2] Invalid argument supplied for foreach() D:\www\shopsn_api\Application\Home\Model\ClassModel.class.php 第 76 行.
NOTIC: [2] Invalid argument supplied for foreach() D:\www\shopsn_api\Application\Home\Model\ClassModel.class.php 第 76 行.
NOTIC: [2] Invalid argument supplied for foreach() D:\www\shopsn_api\Application\Home\Model\ClassModel.class.php 第 76 行.
NOTIC: [2] Invalid argument supplied for foreach() D:\www\shopsn_api\Application\Home\Model\ClassModel.class.php 第 76 行.
NOTIC: [2] Invalid argument supplied for foreach() D:\www\shopsn_api\Application\Home\Model\ClassModel.class.php 第 76 行.
NOTIC: [2] Invalid argument supplied for foreach() D:\www\shopsn_api\Application\Home\Model\ClassModel.class.php 第 76 行.
NOTIC: [2] Invalid argument supplied for foreach() D:\www\shopsn_api\Application\Home\Model\ClassModel.class.php 第 76 行.
NOTIC: [2] Invalid argument supplied for foreach() D:\www\shopsn_api\Application\Home\Model\ClassModel.class.php 第 76 行.
NOTIC: [2] Invalid argument supplied for foreach() D:\www\shopsn_api\Application\Home\Model\ClassModel.class.php 第 76 行.
NOTIC: [8] Undefined variable: order D:\www\shopsn_api\Application\Home\Model\ClassModel.class.php 第 111 行.
NOTIC: [8] Undefined variable: clearance D:\www\shopsn_api\Application\Home\Controller\IndexController.class.php 第 186 行.

[ 2017-12-18T13:38:42+08:00 ] 127.0.0.1 /shopsn_api/index.php/home/Index/home
INFO: [ app_init ] --START--
INFO: Run Behavior\BuildLiteBehavior [ RunTime:0.000000s ]
INFO: [ app_init ] --END-- [ RunTime:0.000000s ]
INFO: [ app_begin ] --START--
INFO: Run Behavior\ReadHtmlCacheBehavior [ RunTime:0.001000s ]
INFO: [ app_begin ] --END-- [ RunTime:0.001000s ]
NOTIC: [2] Invalid argument supplied for foreach() D:\www\shopsn_api\Application\Home\Model\ClassModel.class.php 第 76 行.
NOTIC: [2] Invalid argument supplied for foreach() D:\www\shopsn_api\Application\Home\Model\ClassModel.class.php 第 76 行.
NOTIC: [2] Invalid argument supplied for foreach() D:\www\shopsn_api\Application\Home\Model\ClassModel.class.php 第 76 行.
NOTIC: [2] Invalid argument supplied for foreach() D:\www\shopsn_api\Application\Home\Model\ClassModel.class.php 第 76 行.
NOTIC: [2] Invalid argument supplied for foreach() D:\www\shopsn_api\Application\Home\Model\ClassModel.class.php 第 76 行.
NOTIC: [2] Invalid argument supplied for foreach() D:\www\shopsn_api\Application\Home\Model\ClassModel.class.php 第 76 行.
NOTIC: [2] Invalid argument supplied for foreach() D:\www\shopsn_api\Application\Home\Model\ClassModel.class.php 第 76 行.
NOTIC: [2] Invalid argument supplied for foreach() D:\www\shopsn_api\Application\Home\Model\ClassModel.class.php 第 76 行.
NOTIC: [2] Invalid argument supplied for foreach() D:\www\shopsn_api\Application\Home\Model\ClassModel.class.php 第 76 行.
NOTIC: [2] Invalid argument supplied for foreach() D:\www\shopsn_api\Application\Home\Model\ClassModel.class.php 第 76 行.
NOTIC: [2] Invalid argument supplied for foreach() D:\www\shopsn_api\Application\Home\Model\ClassModel.class.php 第 76 行.
NOTIC: [2] Invalid argument supplied for foreach() D:\www\shopsn_api\Application\Home\Model\ClassModel.class.php 第 76 行.
NOTIC: [2] Invalid argument supplied for foreach() D:\www\shopsn_api\Application\Home\Model\ClassModel.class.php 第 76 行.
NOTIC: [2] Invalid argument supplied for foreach() D:\www\shopsn_api\Application\Home\Model\ClassModel.class.php 第 76 行.
NOTIC: [2] Invalid argument supplied for foreach() D:\www\shopsn_api\Application\Home\Model\ClassModel.class.php 第 76 行.
NOTIC: [2] Invalid argument supplied for foreach() D:\www\shopsn_api\Application\Home\Model\ClassModel.class.php 第 76 行.
NOTIC: [2] Invalid argument supplied for foreach() D:\www\shopsn_api\Application\Home\Model\ClassModel.class.php 第 76 行.
NOTIC: [2] Invalid argument supplied for foreach() D:\www\shopsn_api\Application\Home\Model\ClassModel.class.php 第 76 行.
NOTIC: [2] Invalid argument supplied for foreach() D:\www\shopsn_api\Application\Home\Model\ClassModel.class.php 第 76 行.
NOTIC: [2] Invalid argument supplied for foreach() D:\www\shopsn_api\Application\Home\Model\ClassModel.class.php 第 76 行.
NOTIC: [2] Invalid argument supplied for foreach() D:\www\shopsn_api\Application\Home\Model\ClassModel.class.php 第 76 行.
NOTIC: [2] Invalid argument supplied for foreach() D:\www\shopsn_api\Application\Home\Model\ClassModel.class.php 第 76 行.
NOTIC: [2] Invalid argument supplied for foreach() D:\www\shopsn_api\Application\Home\Model\ClassModel.class.php 第 76 行.
NOTIC: [2] Invalid argument supplied for foreach() D:\www\shopsn_api\Application\Home\Model\ClassModel.class.php 第 76 行.
NOTIC: [8] Undefined variable: order D:\www\shopsn_api\Application\Home\Model\ClassModel.class.php 第 111 行.
NOTIC: [2] Invalid argument supplied for foreach() D:\www\shopsn_api\Application\Home\Model\ClassModel.class.php 第 76 行.
NOTIC: [2] Invalid argument supplied for foreach() D:\www\shopsn_api\Application\Home\Model\ClassModel.class.php 第 76 行.
NOTIC: [2] Invalid argument supplied for foreach() D:\www\shopsn_api\Application\Home\Model\ClassModel.class.php 第 76 行.
NOTIC: [2] Invalid argument supplied for foreach() D:\www\shopsn_api\Application\Home\Model\ClassModel.class.php 第 76 行.
NOTIC: [2] Invalid argument supplied for foreach() D:\www\shopsn_api\Application\Home\Model\ClassModel.class.php 第 76 行.
NOTIC: [2] Invalid argument supplied for foreach() D:\www\shopsn_api\Application\Home\Model\ClassModel.class.php 第 76 行.
NOTIC: [2] Invalid argument supplied for foreach() D:\www\shopsn_api\Application\Home\Model\ClassModel.class.php 第 76 行.
NOTIC: [2] Invalid argument supplied for foreach() D:\www\shopsn_api\Application\Home\Model\ClassModel.class.php 第 76 行.
NOTIC: [2] Invalid argument supplied for foreach() D:\www\shopsn_api\Application\Home\Model\ClassModel.class.php 第 76 行.
NOTIC: [2] Invalid argument supplied for foreach() D:\www\shopsn_api\Application\Home\Model\ClassModel.class.php 第 76 行.
NOTIC: [2] Invalid argument supplied for foreach() D:\www\shopsn_api\Application\Home\Model\ClassModel.class.php 第 76 行.
NOTIC: [2] Invalid argument supplied for foreach() D:\www\shopsn_api\Application\Home\Model\ClassModel.class.php 第 76 行.
NOTIC: [2] Invalid argument supplied for foreach() D:\www\shopsn_api\Application\Home\Model\ClassModel.class.php 第 76 行.
NOTIC: [2] Invalid argument supplied for foreach() D:\www\shopsn_api\Application\Home\Model\ClassModel.class.php 第 76 行.
NOTIC: [2] Invalid argument supplied for foreach() D:\www\shopsn_api\Application\Home\Model\ClassModel.class.php 第 76 行.
NOTIC: [2] Invalid argument supplied for foreach() D:\www\shopsn_api\Application\Home\Model\ClassModel.class.php 第 76 行.
NOTIC: [2] Invalid argument supplied for foreach() D:\www\shopsn_api\Application\Home\Model\ClassModel.class.php 第 76 行.
NOTIC: [2] Invalid argument supplied for foreach() D:\www\shopsn_api\Application\Home\Model\ClassModel.class.php 第 76 行.
NOTIC: [8] Undefined variable: order D:\www\shopsn_api\Application\Home\Model\ClassModel.class.php 第 111 行.
NOTIC: [2] Invalid argument supplied for foreach() D:\www\shopsn_api\Application\Home\Model\ClassModel.class.php 第 76 行.
NOTIC: [2] Invalid argument supplied for foreach() D:\www\shopsn_api\Application\Home\Model\ClassModel.class.php 第 76 行.
NOTIC: [2] Invalid argument supplied for foreach() D:\www\shopsn_api\Application\Home\Model\ClassModel.class.php 第 76 行.
NOTIC: [2] Invalid argument supplied for foreach() D:\www\shopsn_api\Application\Home\Model\ClassModel.class.php 第 76 行.
NOTIC: [2] Invalid argument supplied for foreach() D:\www\shopsn_api\Application\Home\Model\ClassModel.class.php 第 76 行.
NOTIC: [2] Invalid argument supplied for foreach() D:\www\shopsn_api\Application\Home\Model\ClassModel.class.php 第 76 行.
NOTIC: [2] Invalid argument supplied for foreach() D:\www\shopsn_api\Application\Home\Model\ClassModel.class.php 第 76 行.
NOTIC: [2] Invalid argument supplied for foreach() D:\www\shopsn_api\Application\Home\Model\ClassModel.class.php 第 76 行.
NOTIC: [2] Invalid argument supplied for foreach() D:\www\shopsn_api\Application\Home\Model\ClassModel.class.php 第 76 行.
NOTIC: [2] Invalid argument supplied for foreach() D:\www\shopsn_api\Application\Home\Model\ClassModel.class.php 第 76 行.
NOTIC: [2] Invalid argument supplied for foreach() D:\www\shopsn_api\Application\Home\Model\ClassModel.class.php 第 76 行.
NOTIC: [2] Invalid argument supplied for foreach() D:\www\shopsn_api\Application\Home\Model\ClassModel.class.php 第 76 行.
NOTIC: [2] Invalid argument supplied for foreach() D:\www\shopsn_api\Application\Home\Model\ClassModel.class.php 第 76 行.
NOTIC: [2] Invalid argument supplied for foreach() D:\www\shopsn_api\Application\Home\Model\ClassModel.class.php 第 76 行.
NOTIC: [2] Invalid argument supplied for foreach() D:\www\shopsn_api\Application\Home\Model\ClassModel.class.php 第 76 行.
NOTIC: [2] Invalid argument supplied for foreach() D:\www\shopsn_api\Application\Home\Model\ClassModel.class.php 第 76 行.
NOTIC: [2] Invalid argument supplied for foreach() D:\www\shopsn_api\Application\Home\Model\ClassModel.class.php 第 76 行.
NOTIC: [2] Invalid argument supplied for foreach() D:\www\shopsn_api\Application\Home\Model\ClassModel.class.php 第 76 行.
NOTIC: [2] Invalid argument supplied for foreach() D:\www\shopsn_api\Application\Home\Model\ClassModel.class.php 第 76 行.
NOTIC: [2] Invalid argument supplied for foreach() D:\www\shopsn_api\Application\Home\Model\ClassModel.class.php 第 76 行.
NOTIC: [2] Invalid argument supplied for foreach() D:\www\shopsn_api\Application\Home\Model\ClassModel.class.php 第 76 行.
NOTIC: [8] Undefined variable: order D:\www\shopsn_api\Application\Home\Model\ClassModel.class.php 第 111 行.
NOTIC: [8] Undefined variable: clearance D:\www\shopsn_api\Application\Home\Controller\IndexController.class.php 第 186 行.

[ 2017-12-18T13:39:04+08:00 ] 127.0.0.1 /shopsn_api/index.php/home/Index/home
INFO: [ app_init ] --START--
INFO: Run Behavior\BuildLiteBehavior [ RunTime:0.000000s ]
INFO: [ app_init ] --END-- [ RunTime:0.000000s ]
INFO: [ app_begin ] --START--
INFO: Run Behavior\ReadHtmlCacheBehavior [ RunTime:0.000000s ]
INFO: [ app_begin ] --END-- [ RunTime:0.000000s ]
NOTIC: [2] Invalid argument supplied for foreach() D:\www\shopsn_api\Application\Home\Model\ClassModel.class.php 第 76 行.
NOTIC: [2] Invalid argument supplied for foreach() D:\www\shopsn_api\Application\Home\Model\ClassModel.class.php 第 76 行.
NOTIC: [2] Invalid argument supplied for foreach() D:\www\shopsn_api\Application\Home\Model\ClassModel.class.php 第 76 行.
NOTIC: [2] Invalid argument supplied for foreach() D:\www\shopsn_api\Application\Home\Model\ClassModel.class.php 第 76 行.
NOTIC: [2] Invalid argument supplied for foreach() D:\www\shopsn_api\Application\Home\Model\ClassModel.class.php 第 76 行.
NOTIC: [2] Invalid argument supplied for foreach() D:\www\shopsn_api\Application\Home\Model\ClassModel.class.php 第 76 行.
NOTIC: [2] Invalid argument supplied for foreach() D:\www\shopsn_api\Application\Home\Model\ClassModel.class.php 第 76 行.
NOTIC: [2] Invalid argument supplied for foreach() D:\www\shopsn_api\Application\Home\Model\ClassModel.class.php 第 76 行.
NOTIC: [2] Invalid argument supplied for foreach() D:\www\shopsn_api\Application\Home\Model\ClassModel.class.php 第 76 行.
NOTIC: [2] Invalid argument supplied for foreach() D:\www\shopsn_api\Application\Home\Model\ClassModel.class.php 第 76 行.
NOTIC: [2] Invalid argument supplied for foreach() D:\www\shopsn_api\Application\Home\Model\ClassModel.class.php 第 76 行.
NOTIC: [2] Invalid argument supplied for foreach() D:\www\shopsn_api\Application\Home\Model\ClassModel.class.php 第 76 行.
NOTIC: [2] Invalid argument supplied for foreach() D:\www\shopsn_api\Application\Home\Model\ClassModel.class.php 第 76 行.
NOTIC: [2] Invalid argument supplied for foreach() D:\www\shopsn_api\Application\Home\Model\ClassModel.class.php 第 76 行.
NOTIC: [2] Invalid argument supplied for foreach() D:\www\shopsn_api\Application\Home\Model\ClassModel.class.php 第 76 行.
NOTIC: [2] Invalid argument supplied for foreach() D:\www\shopsn_api\Application\Home\Model\ClassModel.class.php 第 76 行.
NOTIC: [2] Invalid argument supplied for foreach() D:\www\shopsn_api\Application\Home\Model\ClassModel.class.php 第 76 行.
NOTIC: [2] Invalid argument supplied for foreach() D:\www\shopsn_api\Application\Home\Model\ClassModel.class.php 第 76 行.
NOTIC: [2] Invalid argument supplied for foreach() D:\www\shopsn_api\Application\Home\Model\ClassModel.class.php 第 76 行.
NOTIC: [2] Invalid argument supplied for foreach() D:\www\shopsn_api\Application\Home\Model\ClassModel.class.php 第 76 行.
NOTIC: [2] Invalid argument supplied for foreach() D:\www\shopsn_api\Application\Home\Model\ClassModel.class.php 第 76 行.
NOTIC: [2] Invalid argument supplied for foreach() D:\www\shopsn_api\Application\Home\Model\ClassModel.class.php 第 76 行.
NOTIC: [2] Invalid argument supplied for foreach() D:\www\shopsn_api\Application\Home\Model\ClassModel.class.php 第 76 行.
NOTIC: [2] Invalid argument supplied for foreach() D:\www\shopsn_api\Application\Home\Model\ClassModel.class.php 第 76 行.
NOTIC: [8] Undefined variable: order D:\www\shopsn_api\Application\Home\Model\ClassModel.class.php 第 111 行.
NOTIC: [2] Invalid argument supplied for foreach() D:\www\shopsn_api\Application\Home\Model\ClassModel.class.php 第 76 行.
NOTIC: [2] Invalid argument supplied for foreach() D:\www\shopsn_api\Application\Home\Model\ClassModel.class.php 第 76 行.
NOTIC: [2] Invalid argument supplied for foreach() D:\www\shopsn_api\Application\Home\Model\ClassModel.class.php 第 76 行.
NOTIC: [2] Invalid argument supplied for foreach() D:\www\shopsn_api\Application\Home\Model\ClassModel.class.php 第 76 行.
NOTIC: [2] Invalid argument supplied for foreach() D:\www\shopsn_api\Application\Home\Model\ClassModel.class.php 第 76 行.
NOTIC: [2] Invalid argument supplied for foreach() D:\www\shopsn_api\Application\Home\Model\ClassModel.class.php 第 76 行.
NOTIC: [2] Invalid argument supplied for foreach() D:\www\shopsn_api\Application\Home\Model\ClassModel.class.php 第 76 行.
NOTIC: [2] Invalid argument supplied for foreach() D:\www\shopsn_api\Application\Home\Model\ClassModel.class.php 第 76 行.
NOTIC: [2] Invalid argument supplied for foreach() D:\www\shopsn_api\Application\Home\Model\ClassModel.class.php 第 76 行.
NOTIC: [2] Invalid argument supplied for foreach() D:\www\shopsn_api\Application\Home\Model\ClassModel.class.php 第 76 行.
NOTIC: [2] Invalid argument supplied for foreach() D:\www\shopsn_api\Application\Home\Model\ClassModel.class.php 第 76 行.
NOTIC: [2] Invalid argument supplied for foreach() D:\www\shopsn_api\Application\Home\Model\ClassModel.class.php 第 76 行.
NOTIC: [2] Invalid argument supplied for foreach() D:\www\shopsn_api\Application\Home\Model\ClassModel.class.php 第 76 行.
NOTIC: [2] Invalid argument supplied for foreach() D:\www\shopsn_api\Application\Home\Model\ClassModel.class.php 第 76 行.
NOTIC: [2] Invalid argument supplied for foreach() D:\www\shopsn_api\Application\Home\Model\ClassModel.class.php 第 76 行.
NOTIC: [2] Invalid argument supplied for foreach() D:\www\shopsn_api\Application\Home\Model\ClassModel.class.php 第 76 行.
NOTIC: [2] Invalid argument supplied for foreach() D:\www\shopsn_api\Application\Home\Model\ClassModel.class.php 第 76 行.
NOTIC: [2] Invalid argument supplied for foreach() D:\www\shopsn_api\Application\Home\Model\ClassModel.class.php 第 76 行.
NOTIC: [8] Undefined variable: order D:\www\shopsn_api\Application\Home\Model\ClassModel.class.php 第 111 行.
NOTIC: [2] Invalid argument supplied for foreach() D:\www\shopsn_api\Application\Home\Model\ClassModel.class.php 第 76 行.
NOTIC: [2] Invalid argument supplied for foreach() D:\www\shopsn_api\Application\Home\Model\ClassModel.class.php 第 76 行.
NOTIC: [2] Invalid argument supplied for foreach() D:\www\shopsn_api\Application\Home\Model\ClassModel.class.php 第 76 行.
NOTIC: [2] Invalid argument supplied for foreach() D:\www\shopsn_api\Application\Home\Model\ClassModel.class.php 第 76 行.
NOTIC: [2] Invalid argument supplied for foreach() D:\www\shopsn_api\Application\Home\Model\ClassModel.class.php 第 76 行.
NOTIC: [2] Invalid argument supplied for foreach() D:\www\shopsn_api\Application\Home\Model\ClassModel.class.php 第 76 行.
NOTIC: [2] Invalid argument supplied for foreach() D:\www\shopsn_api\Application\Home\Model\ClassModel.class.php 第 76 行.
NOTIC: [2] Invalid argument supplied for foreach() D:\www\shopsn_api\Application\Home\Model\ClassModel.class.php 第 76 行.
NOTIC: [2] Invalid argument supplied for foreach() D:\www\shopsn_api\Application\Home\Model\ClassModel.class.php 第 76 行.
NOTIC: [2] Invalid argument supplied for foreach() D:\www\shopsn_api\Application\Home\Model\ClassModel.class.php 第 76 行.
NOTIC: [2] Invalid argument supplied for foreach() D:\www\shopsn_api\Application\Home\Model\ClassModel.class.php 第 76 行.
NOTIC: [2] Invalid argument supplied for foreach() D:\www\shopsn_api\Application\Home\Model\ClassModel.class.php 第 76 行.
NOTIC: [2] Invalid argument supplied for foreach() D:\www\shopsn_api\Application\Home\Model\ClassModel.class.php 第 76 行.
NOTIC: [2] Invalid argument supplied for foreach() D:\www\shopsn_api\Application\Home\Model\ClassModel.class.php 第 76 行.
NOTIC: [2] Invalid argument supplied for foreach() D:\www\shopsn_api\Application\Home\Model\ClassModel.class.php 第 76 行.
NOTIC: [2] Invalid argument supplied for foreach() D:\www\shopsn_api\Application\Home\Model\ClassModel.class.php 第 76 行.
NOTIC: [2] Invalid argument supplied for foreach() D:\www\shopsn_api\Application\Home\Model\ClassModel.class.php 第 76 行.
NOTIC: [2] Invalid argument supplied for foreach() D:\www\shopsn_api\Application\Home\Model\ClassModel.class.php 第 76 行.
NOTIC: [2] Invalid argument supplied for foreach() D:\www\shopsn_api\Application\Home\Model\ClassModel.class.php 第 76 行.
NOTIC: [2] Invalid argument supplied for foreach() D:\www\shopsn_api\Application\Home\Model\ClassModel.class.php 第 76 行.
NOTIC: [2] Invalid argument supplied for foreach() D:\www\shopsn_api\Application\Home\Model\ClassModel.class.php 第 76 行.
NOTIC: [8] Undefined variable: order D:\www\shopsn_api\Application\Home\Model\ClassModel.class.php 第 111 行.
NOTIC: [8] Undefined variable: clearance D:\www\shopsn_api\Application\Home\Controller\IndexController.class.php 第 186 行.

[ 2017-12-18T13:40:03+08:00 ] 127.0.0.1 /shopsn_api/index.php/home/Index/home
INFO: [ app_init ] --START--
INFO: Run Behavior\BuildLiteBehavior [ RunTime:0.000000s ]
INFO: [ app_init ] --END-- [ RunTime:0.000000s ]
INFO: [ app_begin ] --START--
INFO: Run Behavior\ReadHtmlCacheBehavior [ RunTime:0.001000s ]
INFO: [ app_begin ] --END-- [ RunTime:0.001000s ]
NOTIC: [2] Invalid argument supplied for foreach() D:\www\shopsn_api\Application\Home\Model\ClassModel.class.php 第 76 行.
NOTIC: [2] Invalid argument supplied for foreach() D:\www\shopsn_api\Application\Home\Model\ClassModel.class.php 第 76 行.
NOTIC: [2] Invalid argument supplied for foreach() D:\www\shopsn_api\Application\Home\Model\ClassModel.class.php 第 76 行.
NOTIC: [2] Invalid argument supplied for foreach() D:\www\shopsn_api\Application\Home\Model\ClassModel.class.php 第 76 行.
NOTIC: [2] Invalid argument supplied for foreach() D:\www\shopsn_api\Application\Home\Model\ClassModel.class.php 第 76 行.
NOTIC: [2] Invalid argument supplied for foreach() D:\www\shopsn_api\Application\Home\Model\ClassModel.class.php 第 76 行.
NOTIC: [2] Invalid argument supplied for foreach() D:\www\shopsn_api\Application\Home\Model\ClassModel.class.php 第 76 行.
NOTIC: [2] Invalid argument supplied for foreach() D:\www\shopsn_api\Application\Home\Model\ClassModel.class.php 第 76 行.
NOTIC: [2] Invalid argument supplied for foreach() D:\www\shopsn_api\Application\Home\Model\ClassModel.class.php 第 76 行.
NOTIC: [2] Invalid argument supplied for foreach() D:\www\shopsn_api\Application\Home\Model\ClassModel.class.php 第 76 行.
NOTIC: [2] Invalid argument supplied for foreach() D:\www\shopsn_api\Application\Home\Model\ClassModel.class.php 第 76 行.
NOTIC: [2] Invalid argument supplied for foreach() D:\www\shopsn_api\Application\Home\Model\ClassModel.class.php 第 76 行.
NOTIC: [2] Invalid argument supplied for foreach() D:\www\shopsn_api\Application\Home\Model\ClassModel.class.php 第 76 行.
NOTIC: [2] Invalid argument supplied for foreach() D:\www\shopsn_api\Application\Home\Model\ClassModel.class.php 第 76 行.
NOTIC: [2] Invalid argument supplied for foreach() D:\www\shopsn_api\Application\Home\Model\ClassModel.class.php 第 76 行.
NOTIC: [2] Invalid argument supplied for foreach() D:\www\shopsn_api\Application\Home\Model\ClassModel.class.php 第 76 行.
NOTIC: [2] Invalid argument supplied for foreach() D:\www\shopsn_api\Application\Home\Model\ClassModel.class.php 第 76 行.
NOTIC: [2] Invalid argument supplied for foreach() D:\www\shopsn_api\Application\Home\Model\ClassModel.class.php 第 76 行.
NOTIC: [2] Invalid argument supplied for foreach() D:\www\shopsn_api\Application\Home\Model\ClassModel.class.php 第 76 行.
NOTIC: [2] Invalid argument supplied for foreach() D:\www\shopsn_api\Application\Home\Model\ClassModel.class.php 第 76 行.
NOTIC: [2] Invalid argument supplied for foreach() D:\www\shopsn_api\Application\Home\Model\ClassModel.class.php 第 76 行.
NOTIC: [2] Invalid argument supplied for foreach() D:\www\shopsn_api\Application\Home\Model\ClassModel.class.php 第 76 行.
NOTIC: [2] Invalid argument supplied for foreach() D:\www\shopsn_api\Application\Home\Model\ClassModel.class.php 第 76 行.
NOTIC: [2] Invalid argument supplied for foreach() D:\www\shopsn_api\Application\Home\Model\ClassModel.class.php 第 76 行.
NOTIC: [8] Undefined variable: order D:\www\shopsn_api\Application\Home\Model\ClassModel.class.php 第 111 行.
NOTIC: [2] Invalid argument supplied for foreach() D:\www\shopsn_api\Application\Home\Model\ClassModel.class.php 第 76 行.
NOTIC: [2] Invalid argument supplied for foreach() D:\www\shopsn_api\Application\Home\Model\ClassModel.class.php 第 76 行.
NOTIC: [2] Invalid argument supplied for foreach() D:\www\shopsn_api\Application\Home\Model\ClassModel.class.php 第 76 行.
NOTIC: [2] Invalid argument supplied for foreach() D:\www\shopsn_api\Application\Home\Model\ClassModel.class.php 第 76 行.
NOTIC: [2] Invalid argument supplied for foreach() D:\www\shopsn_api\Application\Home\Model\ClassModel.class.php 第 76 行.
NOTIC: [2] Invalid argument supplied for foreach() D:\www\shopsn_api\Application\Home\Model\ClassModel.class.php 第 76 行.
NOTIC: [2] Invalid argument supplied for foreach() D:\www\shopsn_api\Application\Home\Model\ClassModel.class.php 第 76 行.
NOTIC: [2] Invalid argument supplied for foreach() D:\www\shopsn_api\Application\Home\Model\ClassModel.class.php 第 76 行.
NOTIC: [2] Invalid argument supplied for foreach() D:\www\shopsn_api\Application\Home\Model\ClassModel.class.php 第 76 行.
NOTIC: [2] Invalid argument supplied for foreach() D:\www\shopsn_api\Application\Home\Model\ClassModel.class.php 第 76 行.
NOTIC: [2] Invalid argument supplied for foreach() D:\www\shopsn_api\Application\Home\Model\ClassModel.class.php 第 76 行.
NOTIC: [2] Invalid argument supplied for foreach() D:\www\shopsn_api\Application\Home\Model\ClassModel.class.php 第 76 行.
NOTIC: [2] Invalid argument supplied for foreach() D:\www\shopsn_api\Application\Home\Model\ClassModel.class.php 第 76 行.
NOTIC: [2] Invalid argument supplied for foreach() D:\www\shopsn_api\Application\Home\Model\ClassModel.class.php 第 76 行.
NOTIC: [2] Invalid argument supplied for foreach() D:\www\shopsn_api\Application\Home\Model\ClassModel.class.php 第 76 行.
NOTIC: [2] Invalid argument supplied for foreach() D:\www\shopsn_api\Application\Home\Model\ClassModel.class.php 第 76 行.
NOTIC: [2] Invalid argument supplied for foreach() D:\www\shopsn_api\Application\Home\Model\ClassModel.class.php 第 76 行.
NOTIC: [2] Invalid argument supplied for foreach() D:\www\shopsn_api\Application\Home\Model\ClassModel.class.php 第 76 行.
NOTIC: [8] Undefined variable: order D:\www\shopsn_api\Application\Home\Model\ClassModel.class.php 第 111 行.
NOTIC: [2] Invalid argument supplied for foreach() D:\www\shopsn_api\Application\Home\Model\ClassModel.class.php 第 76 行.
NOTIC: [2] Invalid argument supplied for foreach() D:\www\shopsn_api\Application\Home\Model\ClassModel.class.php 第 76 行.
NOTIC: [2] Invalid argument supplied for foreach() D:\www\shopsn_api\Application\Home\Model\ClassModel.class.php 第 76 行.
NOTIC: [2] Invalid argument supplied for foreach() D:\www\shopsn_api\Application\Home\Model\ClassModel.class.php 第 76 行.
NOTIC: [2] Invalid argument supplied for foreach() D:\www\shopsn_api\Application\Home\Model\ClassModel.class.php 第 76 行.
NOTIC: [2] Invalid argument supplied for foreach() D:\www\shopsn_api\Application\Home\Model\ClassModel.class.php 第 76 行.
NOTIC: [2] Invalid argument supplied for foreach() D:\www\shopsn_api\Application\Home\Model\ClassModel.class.php 第 76 行.
NOTIC: [2] Invalid argument supplied for foreach() D:\www\shopsn_api\Application\Home\Model\ClassModel.class.php 第 76 行.
NOTIC: [2] Invalid argument supplied for foreach() D:\www\shopsn_api\Application\Home\Model\ClassModel.class.php 第 76 行.
NOTIC: [2] Invalid argument supplied for foreach() D:\www\shopsn_api\Application\Home\Model\ClassModel.class.php 第 76 行.
NOTIC: [2] Invalid argument supplied for foreach() D:\www\shopsn_api\Application\Home\Model\ClassModel.class.php 第 76 行.
NOTIC: [2] Invalid argument supplied for foreach() D:\www\shopsn_api\Application\Home\Model\ClassModel.class.php 第 76 行.
NOTIC: [2] Invalid argument supplied for foreach() D:\www\shopsn_api\Application\Home\Model\ClassModel.class.php 第 76 行.
NOTIC: [2] Invalid argument supplied for foreach() D:\www\shopsn_api\Application\Home\Model\ClassModel.class.php 第 76 行.
NOTIC: [2] Invalid argument supplied for foreach() D:\www\shopsn_api\Application\Home\Model\ClassModel.class.php 第 76 行.
NOTIC: [2] Invalid argument supplied for foreach() D:\www\shopsn_api\Application\Home\Model\ClassModel.class.php 第 76 行.
NOTIC: [2] Invalid argument supplied for foreach() D:\www\shopsn_api\Application\Home\Model\ClassModel.class.php 第 76 行.
NOTIC: [2] Invalid argument supplied for foreach() D:\www\shopsn_api\Application\Home\Model\ClassModel.class.php 第 76 行.
NOTIC: [2] Invalid argument supplied for foreach() D:\www\shopsn_api\Application\Home\Model\ClassModel.class.php 第 76 行.
NOTIC: [2] Invalid argument supplied for foreach() D:\www\shopsn_api\Application\Home\Model\ClassModel.class.php 第 76 行.
NOTIC: [2] Invalid argument supplied for foreach() D:\www\shopsn_api\Application\Home\Model\ClassModel.class.php 第 76 行.
NOTIC: [8] Undefined variable: order D:\www\shopsn_api\Application\Home\Model\ClassModel.class.php 第 111 行.
NOTIC: [8] Undefined variable: clearance D:\www\shopsn_api\Application\Home\Controller\IndexController.class.php 第 186 行.

[ 2017-12-18T13:42:35+08:00 ] 127.0.0.1 /shopsn_api/index.php/home/Index/home
INFO: [ app_init ] --START--
INFO: Run Behavior\BuildLiteBehavior [ RunTime:0.000000s ]
INFO: [ app_init ] --END-- [ RunTime:0.000000s ]
INFO: [ app_begin ] --START--
INFO: Run Behavior\ReadHtmlCacheBehavior [ RunTime:0.001000s ]
INFO: [ app_begin ] --END-- [ RunTime:0.001000s ]
NOTIC: [2] Invalid argument supplied for foreach() D:\www\shopsn_api\Application\Home\Model\ClassModel.class.php 第 76 行.
NOTIC: [2] Invalid argument supplied for foreach() D:\www\shopsn_api\Application\Home\Model\ClassModel.class.php 第 76 行.
NOTIC: [2] Invalid argument supplied for foreach() D:\www\shopsn_api\Application\Home\Model\ClassModel.class.php 第 76 行.
NOTIC: [2] Invalid argument supplied for foreach() D:\www\shopsn_api\Application\Home\Model\ClassModel.class.php 第 76 行.
NOTIC: [2] Invalid argument supplied for foreach() D:\www\shopsn_api\Application\Home\Model\ClassModel.class.php 第 76 行.
NOTIC: [2] Invalid argument supplied for foreach() D:\www\shopsn_api\Application\Home\Model\ClassModel.class.php 第 76 行.
NOTIC: [2] Invalid argument supplied for foreach() D:\www\shopsn_api\Application\Home\Model\ClassModel.class.php 第 76 行.
NOTIC: [2] Invalid argument supplied for foreach() D:\www\shopsn_api\Application\Home\Model\ClassModel.class.php 第 76 行.
NOTIC: [2] Invalid argument supplied for foreach() D:\www\shopsn_api\Application\Home\Model\ClassModel.class.php 第 76 行.
NOTIC: [2] Invalid argument supplied for foreach() D:\www\shopsn_api\Application\Home\Model\ClassModel.class.php 第 76 行.
NOTIC: [2] Invalid argument supplied for foreach() D:\www\shopsn_api\Application\Home\Model\ClassModel.class.php 第 76 行.
NOTIC: [2] Invalid argument supplied for foreach() D:\www\shopsn_api\Application\Home\Model\ClassModel.class.php 第 76 行.
NOTIC: [2] Invalid argument supplied for foreach() D:\www\shopsn_api\Application\Home\Model\ClassModel.class.php 第 76 行.
NOTIC: [2] Invalid argument supplied for foreach() D:\www\shopsn_api\Application\Home\Model\ClassModel.class.php 第 76 行.
NOTIC: [2] Invalid argument supplied for foreach() D:\www\shopsn_api\Application\Home\Model\ClassModel.class.php 第 76 行.
NOTIC: [2] Invalid argument supplied for foreach() D:\www\shopsn_api\Application\Home\Model\ClassModel.class.php 第 76 行.
NOTIC: [2] Invalid argument supplied for foreach() D:\www\shopsn_api\Application\Home\Model\ClassModel.class.php 第 76 行.
NOTIC: [2] Invalid argument supplied for foreach() D:\www\shopsn_api\Application\Home\Model\ClassModel.class.php 第 76 行.
NOTIC: [2] Invalid argument supplied for foreach() D:\www\shopsn_api\Application\Home\Model\ClassModel.class.php 第 76 行.
NOTIC: [2] Invalid argument supplied for foreach() D:\www\shopsn_api\Application\Home\Model\ClassModel.class.php 第 76 行.
NOTIC: [2] Invalid argument supplied for foreach() D:\www\shopsn_api\Application\Home\Model\ClassModel.class.php 第 76 行.
NOTIC: [2] Invalid argument supplied for foreach() D:\www\shopsn_api\Application\Home\Model\ClassModel.class.php 第 76 行.
NOTIC: [2] Invalid argument supplied for foreach() D:\www\shopsn_api\Application\Home\Model\ClassModel.class.php 第 76 行.
NOTIC: [2] Invalid argument supplied for foreach() D:\www\shopsn_api\Application\Home\Model\ClassModel.class.php 第 76 行.
NOTIC: [8] Undefined variable: order D:\www\shopsn_api\Application\Home\Model\ClassModel.class.php 第 111 行.
NOTIC: [2] Invalid argument supplied for foreach() D:\www\shopsn_api\Application\Home\Model\ClassModel.class.php 第 76 行.
NOTIC: [2] Invalid argument supplied for foreach() D:\www\shopsn_api\Application\Home\Model\ClassModel.class.php 第 76 行.
NOTIC: [2] Invalid argument supplied for foreach() D:\www\shopsn_api\Application\Home\Model\ClassModel.class.php 第 76 行.
NOTIC: [2] Invalid argument supplied for foreach() D:\www\shopsn_api\Application\Home\Model\ClassModel.class.php 第 76 行.
NOTIC: [2] Invalid argument supplied for foreach() D:\www\shopsn_api\Application\Home\Model\ClassModel.class.php 第 76 行.
NOTIC: [2] Invalid argument supplied for foreach() D:\www\shopsn_api\Application\Home\Model\ClassModel.class.php 第 76 行.
NOTIC: [2] Invalid argument supplied for foreach() D:\www\shopsn_api\Application\Home\Model\ClassModel.class.php 第 76 行.
NOTIC: [2] Invalid argument supplied for foreach() D:\www\shopsn_api\Application\Home\Model\ClassModel.class.php 第 76 行.
NOTIC: [2] Invalid argument supplied for foreach() D:\www\shopsn_api\Application\Home\Model\ClassModel.class.php 第 76 行.
NOTIC: [2] Invalid argument supplied for foreach() D:\www\shopsn_api\Application\Home\Model\ClassModel.class.php 第 76 行.
NOTIC: [2] Invalid argument supplied for foreach() D:\www\shopsn_api\Application\Home\Model\ClassModel.class.php 第 76 行.
NOTIC: [2] Invalid argument supplied for foreach() D:\www\shopsn_api\Application\Home\Model\ClassModel.class.php 第 76 行.
NOTIC: [2] Invalid argument supplied for foreach() D:\www\shopsn_api\Application\Home\Model\ClassModel.class.php 第 76 行.
NOTIC: [2] Invalid argument supplied for foreach() D:\www\shopsn_api\Application\Home\Model\ClassModel.class.php 第 76 行.
NOTIC: [2] Invalid argument supplied for foreach() D:\www\shopsn_api\Application\Home\Model\ClassModel.class.php 第 76 行.
NOTIC: [2] Invalid argument supplied for foreach() D:\www\shopsn_api\Application\Home\Model\ClassModel.class.php 第 76 行.
NOTIC: [2] Invalid argument supplied for foreach() D:\www\shopsn_api\Application\Home\Model\ClassModel.class.php 第 76 行.
NOTIC: [2] Invalid argument supplied for foreach() D:\www\shopsn_api\Application\Home\Model\ClassModel.class.php 第 76 行.
NOTIC: [8] Undefined variable: order D:\www\shopsn_api\Application\Home\Model\ClassModel.class.php 第 111 行.
NOTIC: [2] Invalid argument supplied for foreach() D:\www\shopsn_api\Application\Home\Model\ClassModel.class.php 第 76 行.
NOTIC: [2] Invalid argument supplied for foreach() D:\www\shopsn_api\Application\Home\Model\ClassModel.class.php 第 76 行.
NOTIC: [2] Invalid argument supplied for foreach() D:\www\shopsn_api\Application\Home\Model\ClassModel.class.php 第 76 行.
NOTIC: [2] Invalid argument supplied for foreach() D:\www\shopsn_api\Application\Home\Model\ClassModel.class.php 第 76 行.
NOTIC: [2] Invalid argument supplied for foreach() D:\www\shopsn_api\Application\Home\Model\ClassModel.class.php 第 76 行.
NOTIC: [2] Invalid argument supplied for foreach() D:\www\shopsn_api\Application\Home\Model\ClassModel.class.php 第 76 行.
NOTIC: [2] Invalid argument supplied for foreach() D:\www\shopsn_api\Application\Home\Model\ClassModel.class.php 第 76 行.
NOTIC: [2] Invalid argument supplied for foreach() D:\www\shopsn_api\Application\Home\Model\ClassModel.class.php 第 76 行.
NOTIC: [2] Invalid argument supplied for foreach() D:\www\shopsn_api\Application\Home\Model\ClassModel.class.php 第 76 行.
NOTIC: [2] Invalid argument supplied for foreach() D:\www\shopsn_api\Application\Home\Model\ClassModel.class.php 第 76 行.
NOTIC: [2] Invalid argument supplied for foreach() D:\www\shopsn_api\Application\Home\Model\ClassModel.class.php 第 76 行.
NOTIC: [2] Invalid argument supplied for foreach() D:\www\shopsn_api\Application\Home\Model\ClassModel.class.php 第 76 行.
NOTIC: [2] Invalid argument supplied for foreach() D:\www\shopsn_api\Application\Home\Model\ClassModel.class.php 第 76 行.
NOTIC: [2] Invalid argument supplied for foreach() D:\www\shopsn_api\Application\Home\Model\ClassModel.class.php 第 76 行.
NOTIC: [2] Invalid argument supplied for foreach() D:\www\shopsn_api\Application\Home\Model\ClassModel.class.php 第 76 行.
NOTIC: [2] Invalid argument supplied for foreach() D:\www\shopsn_api\Application\Home\Model\ClassModel.class.php 第 76 行.
NOTIC: [2] Invalid argument supplied for foreach() D:\www\shopsn_api\Application\Home\Model\ClassModel.class.php 第 76 行.
NOTIC: [2] Invalid argument supplied for foreach() D:\www\shopsn_api\Application\Home\Model\ClassModel.class.php 第 76 行.
NOTIC: [2] Invalid argument supplied for foreach() D:\www\shopsn_api\Application\Home\Model\ClassModel.class.php 第 76 行.
NOTIC: [2] Invalid argument supplied for foreach() D:\www\shopsn_api\Application\Home\Model\ClassModel.class.php 第 76 行.
NOTIC: [2] Invalid argument supplied for foreach() D:\www\shopsn_api\Application\Home\Model\ClassModel.class.php 第 76 行.
NOTIC: [8] Undefined variable: order D:\www\shopsn_api\Application\Home\Model\ClassModel.class.php 第 111 行.
NOTIC: [8] Undefined variable: clearance D:\www\shopsn_api\Application\Home\Controller\IndexController.class.php 第 186 行.

[ 2017-12-18T13:42:57+08:00 ] 127.0.0.1 /shopsn_api/index.php/home/Index/home
INFO: [ app_init ] --START--
INFO: Run Behavior\BuildLiteBehavior [ RunTime:0.000000s ]
INFO: [ app_init ] --END-- [ RunTime:0.000000s ]
INFO: [ app_begin ] --START--
INFO: Run Behavior\ReadHtmlCacheBehavior [ RunTime:0.001000s ]
INFO: [ app_begin ] --END-- [ RunTime:0.001000s ]
NOTIC: [2] Invalid argument supplied for foreach() D:\www\shopsn_api\Application\Home\Model\ClassModel.class.php 第 76 行.
NOTIC: [2] Invalid argument supplied for foreach() D:\www\shopsn_api\Application\Home\Model\ClassModel.class.php 第 76 行.
NOTIC: [2] Invalid argument supplied for foreach() D:\www\shopsn_api\Application\Home\Model\ClassModel.class.php 第 76 行.
NOTIC: [2] Invalid argument supplied for foreach() D:\www\shopsn_api\Application\Home\Model\ClassModel.class.php 第 76 行.
NOTIC: [2] Invalid argument supplied for foreach() D:\www\shopsn_api\Application\Home\Model\ClassModel.class.php 第 76 行.
NOTIC: [2] Invalid argument supplied for foreach() D:\www\shopsn_api\Application\Home\Model\ClassModel.class.php 第 76 行.
NOTIC: [2] Invalid argument supplied for foreach() D:\www\shopsn_api\Application\Home\Model\ClassModel.class.php 第 76 行.
NOTIC: [2] Invalid argument supplied for foreach() D:\www\shopsn_api\Application\Home\Model\ClassModel.class.php 第 76 行.
NOTIC: [2] Invalid argument supplied for foreach() D:\www\shopsn_api\Application\Home\Model\ClassModel.class.php 第 76 行.
NOTIC: [2] Invalid argument supplied for foreach() D:\www\shopsn_api\Application\Home\Model\ClassModel.class.php 第 76 行.
NOTIC: [2] Invalid argument supplied for foreach() D:\www\shopsn_api\Application\Home\Model\ClassModel.class.php 第 76 行.
NOTIC: [2] Invalid argument supplied for foreach() D:\www\shopsn_api\Application\Home\Model\ClassModel.class.php 第 76 行.
NOTIC: [2] Invalid argument supplied for foreach() D:\www\shopsn_api\Application\Home\Model\ClassModel.class.php 第 76 行.
NOTIC: [2] Invalid argument supplied for foreach() D:\www\shopsn_api\Application\Home\Model\ClassModel.class.php 第 76 行.
NOTIC: [2] Invalid argument supplied for foreach() D:\www\shopsn_api\Application\Home\Model\ClassModel.class.php 第 76 行.
NOTIC: [2] Invalid argument supplied for foreach() D:\www\shopsn_api\Application\Home\Model\ClassModel.class.php 第 76 行.
NOTIC: [2] Invalid argument supplied for foreach() D:\www\shopsn_api\Application\Home\Model\ClassModel.class.php 第 76 行.
NOTIC: [2] Invalid argument supplied for foreach() D:\www\shopsn_api\Application\Home\Model\ClassModel.class.php 第 76 行.
NOTIC: [2] Invalid argument supplied for foreach() D:\www\shopsn_api\Application\Home\Model\ClassModel.class.php 第 76 行.
NOTIC: [2] Invalid argument supplied for foreach() D:\www\shopsn_api\Application\Home\Model\ClassModel.class.php 第 76 行.
NOTIC: [2] Invalid argument supplied for foreach() D:\www\shopsn_api\Application\Home\Model\ClassModel.class.php 第 76 行.
NOTIC: [2] Invalid argument supplied for foreach() D:\www\shopsn_api\Application\Home\Model\ClassModel.class.php 第 76 行.
NOTIC: [2] Invalid argument supplied for foreach() D:\www\shopsn_api\Application\Home\Model\ClassModel.class.php 第 76 行.
NOTIC: [2] Invalid argument supplied for foreach() D:\www\shopsn_api\Application\Home\Model\ClassModel.class.php 第 76 行.
NOTIC: [8] Undefined variable: order D:\www\shopsn_api\Application\Home\Model\ClassModel.class.php 第 111 行.
NOTIC: [2] Invalid argument supplied for foreach() D:\www\shopsn_api\Application\Home\Model\ClassModel.class.php 第 76 行.
NOTIC: [2] Invalid argument supplied for foreach() D:\www\shopsn_api\Application\Home\Model\ClassModel.class.php 第 76 行.
NOTIC: [2] Invalid argument supplied for foreach() D:\www\shopsn_api\Application\Home\Model\ClassModel.class.php 第 76 行.
NOTIC: [2] Invalid argument supplied for foreach() D:\www\shopsn_api\Application\Home\Model\ClassModel.class.php 第 76 行.
NOTIC: [2] Invalid argument supplied for foreach() D:\www\shopsn_api\Application\Home\Model\ClassModel.class.php 第 76 行.
NOTIC: [2] Invalid argument supplied for foreach() D:\www\shopsn_api\Application\Home\Model\ClassModel.class.php 第 76 行.
NOTIC: [2] Invalid argument supplied for foreach() D:\www\shopsn_api\Application\Home\Model\ClassModel.class.php 第 76 行.
NOTIC: [2] Invalid argument supplied for foreach() D:\www\shopsn_api\Application\Home\Model\ClassModel.class.php 第 76 行.
NOTIC: [2] Invalid argument supplied for foreach() D:\www\shopsn_api\Application\Home\Model\ClassModel.class.php 第 76 行.
NOTIC: [2] Invalid argument supplied for foreach() D:\www\shopsn_api\Application\Home\Model\ClassModel.class.php 第 76 行.
NOTIC: [2] Invalid argument supplied for foreach() D:\www\shopsn_api\Application\Home\Model\ClassModel.class.php 第 76 行.
NOTIC: [2] Invalid argument supplied for foreach() D:\www\shopsn_api\Application\Home\Model\ClassModel.class.php 第 76 行.
NOTIC: [2] Invalid argument supplied for foreach() D:\www\shopsn_api\Application\Home\Model\ClassModel.class.php 第 76 行.
NOTIC: [2] Invalid argument supplied for foreach() D:\www\shopsn_api\Application\Home\Model\ClassModel.class.php 第 76 行.
NOTIC: [2] Invalid argument supplied for foreach() D:\www\shopsn_api\Application\Home\Model\ClassModel.class.php 第 76 行.
NOTIC: [2] Invalid argument supplied for foreach() D:\www\shopsn_api\Application\Home\Model\ClassModel.class.php 第 76 行.
NOTIC: [2] Invalid argument supplied for foreach() D:\www\shopsn_api\Application\Home\Model\ClassModel.class.php 第 76 行.
NOTIC: [2] Invalid argument supplied for foreach() D:\www\shopsn_api\Application\Home\Model\ClassModel.class.php 第 76 行.
NOTIC: [8] Undefined variable: order D:\www\shopsn_api\Application\Home\Model\ClassModel.class.php 第 111 行.
NOTIC: [2] Invalid argument supplied for foreach() D:\www\shopsn_api\Application\Home\Model\ClassModel.class.php 第 76 行.
NOTIC: [2] Invalid argument supplied for foreach() D:\www\shopsn_api\Application\Home\Model\ClassModel.class.php 第 76 行.
NOTIC: [2] Invalid argument supplied for foreach() D:\www\shopsn_api\Application\Home\Model\ClassModel.class.php 第 76 行.
NOTIC: [2] Invalid argument supplied for foreach() D:\www\shopsn_api\Application\Home\Model\ClassModel.class.php 第 76 行.
NOTIC: [2] Invalid argument supplied for foreach() D:\www\shopsn_api\Application\Home\Model\ClassModel.class.php 第 76 行.
NOTIC: [2] Invalid argument supplied for foreach() D:\www\shopsn_api\Application\Home\Model\ClassModel.class.php 第 76 行.
NOTIC: [2] Invalid argument supplied for foreach() D:\www\shopsn_api\Application\Home\Model\ClassModel.class.php 第 76 行.
NOTIC: [2] Invalid argument supplied for foreach() D:\www\shopsn_api\Application\Home\Model\ClassModel.class.php 第 76 行.
NOTIC: [2] Invalid argument supplied for foreach() D:\www\shopsn_api\Application\Home\Model\ClassModel.class.php 第 76 行.
NOTIC: [2] Invalid argument supplied for foreach() D:\www\shopsn_api\Application\Home\Model\ClassModel.class.php 第 76 行.
NOTIC: [2] Invalid argument supplied for foreach() D:\www\shopsn_api\Application\Home\Model\ClassModel.class.php 第 76 行.
NOTIC: [2] Invalid argument supplied for foreach() D:\www\shopsn_api\Application\Home\Model\ClassModel.class.php 第 76 行.
NOTIC: [2] Invalid argument supplied for foreach() D:\www\shopsn_api\Application\Home\Model\ClassModel.class.php 第 76 行.
NOTIC: [2] Invalid argument supplied for foreach() D:\www\shopsn_api\Application\Home\Model\ClassModel.class.php 第 76 行.
NOTIC: [2] Invalid argument supplied for foreach() D:\www\shopsn_api\Application\Home\Model\ClassModel.class.php 第 76 行.
NOTIC: [2] Invalid argument supplied for foreach() D:\www\shopsn_api\Application\Home\Model\ClassModel.class.php 第 76 行.
NOTIC: [2] Invalid argument supplied for foreach() D:\www\shopsn_api\Application\Home\Model\ClassModel.class.php 第 76 行.
NOTIC: [2] Invalid argument supplied for foreach() D:\www\shopsn_api\Application\Home\Model\ClassModel.class.php 第 76 行.
NOTIC: [2] Invalid argument supplied for foreach() D:\www\shopsn_api\Application\Home\Model\ClassModel.class.php 第 76 行.
NOTIC: [2] Invalid argument supplied for foreach() D:\www\shopsn_api\Application\Home\Model\ClassModel.class.php 第 76 行.
NOTIC: [2] Invalid argument supplied for foreach() D:\www\shopsn_api\Application\Home\Model\ClassModel.class.php 第 76 行.
NOTIC: [8] Undefined variable: order D:\www\shopsn_api\Application\Home\Model\ClassModel.class.php 第 111 行.
NOTIC: [8] Undefined variable: clearance D:\www\shopsn_api\Application\Home\Controller\IndexController.class.php 第 186 行.

[ 2017-12-18T13:43:00+08:00 ] 127.0.0.1 /shopsn_api/index.php/home/Index/home
INFO: [ app_init ] --START--
INFO: Run Behavior\BuildLiteBehavior [ RunTime:0.000000s ]
INFO: [ app_init ] --END-- [ RunTime:0.000000s ]
INFO: [ app_begin ] --START--
INFO: Run Behavior\ReadHtmlCacheBehavior [ RunTime:0.000000s ]
INFO: [ app_begin ] --END-- [ RunTime:0.000000s ]
NOTIC: [2] Invalid argument supplied for foreach() D:\www\shopsn_api\Application\Home\Model\ClassModel.class.php 第 76 行.
NOTIC: [2] Invalid argument supplied for foreach() D:\www\shopsn_api\Application\Home\Model\ClassModel.class.php 第 76 行.
NOTIC: [2] Invalid argument supplied for foreach() D:\www\shopsn_api\Application\Home\Model\ClassModel.class.php 第 76 行.
NOTIC: [2] Invalid argument supplied for foreach() D:\www\shopsn_api\Application\Home\Model\ClassModel.class.php 第 76 行.
NOTIC: [2] Invalid argument supplied for foreach() D:\www\shopsn_api\Application\Home\Model\ClassModel.class.php 第 76 行.
NOTIC: [2] Invalid argument supplied for foreach() D:\www\shopsn_api\Application\Home\Model\ClassModel.class.php 第 76 行.
NOTIC: [2] Invalid argument supplied for foreach() D:\www\shopsn_api\Application\Home\Model\ClassModel.class.php 第 76 行.
NOTIC: [2] Invalid argument supplied for foreach() D:\www\shopsn_api\Application\Home\Model\ClassModel.class.php 第 76 行.
NOTIC: [2] Invalid argument supplied for foreach() D:\www\shopsn_api\Application\Home\Model\ClassModel.class.php 第 76 行.
NOTIC: [2] Invalid argument supplied for foreach() D:\www\shopsn_api\Application\Home\Model\ClassModel.class.php 第 76 行.
NOTIC: [2] Invalid argument supplied for foreach() D:\www\shopsn_api\Application\Home\Model\ClassModel.class.php 第 76 行.
NOTIC: [2] Invalid argument supplied for foreach() D:\www\shopsn_api\Application\Home\Model\ClassModel.class.php 第 76 行.
NOTIC: [2] Invalid argument supplied for foreach() D:\www\shopsn_api\Application\Home\Model\ClassModel.class.php 第 76 行.
NOTIC: [2] Invalid argument supplied for foreach() D:\www\shopsn_api\Application\Home\Model\ClassModel.class.php 第 76 行.
NOTIC: [2] Invalid argument supplied for foreach() D:\www\shopsn_api\Application\Home\Model\ClassModel.class.php 第 76 行.
NOTIC: [2] Invalid argument supplied for foreach() D:\www\shopsn_api\Application\Home\Model\ClassModel.class.php 第 76 行.
NOTIC: [2] Invalid argument supplied for foreach() D:\www\shopsn_api\Application\Home\Model\ClassModel.class.php 第 76 行.
NOTIC: [2] Invalid argument supplied for foreach() D:\www\shopsn_api\Application\Home\Model\ClassModel.class.php 第 76 行.
NOTIC: [2] Invalid argument supplied for foreach() D:\www\shopsn_api\Application\Home\Model\ClassModel.class.php 第 76 行.
NOTIC: [2] Invalid argument supplied for foreach() D:\www\shopsn_api\Application\Home\Model\ClassModel.class.php 第 76 行.
NOTIC: [2] Invalid argument supplied for foreach() D:\www\shopsn_api\Application\Home\Model\ClassModel.class.php 第 76 行.
NOTIC: [2] Invalid argument supplied for foreach() D:\www\shopsn_api\Application\Home\Model\ClassModel.class.php 第 76 行.
NOTIC: [2] Invalid argument supplied for foreach() D:\www\shopsn_api\Application\Home\Model\ClassModel.class.php 第 76 行.
NOTIC: [2] Invalid argument supplied for foreach() D:\www\shopsn_api\Application\Home\Model\ClassModel.class.php 第 76 行.
NOTIC: [8] Undefined variable: order D:\www\shopsn_api\Application\Home\Model\ClassModel.class.php 第 111 行.
NOTIC: [2] Invalid argument supplied for foreach() D:\www\shopsn_api\Application\Home\Model\ClassModel.class.php 第 76 行.
NOTIC: [2] Invalid argument supplied for foreach() D:\www\shopsn_api\Application\Home\Model\ClassModel.class.php 第 76 行.
NOTIC: [2] Invalid argument supplied for foreach() D:\www\shopsn_api\Application\Home\Model\ClassModel.class.php 第 76 行.
NOTIC: [2] Invalid argument supplied for foreach() D:\www\shopsn_api\Application\Home\Model\ClassModel.class.php 第 76 行.
NOTIC: [2] Invalid argument supplied for foreach() D:\www\shopsn_api\Application\Home\Model\ClassModel.class.php 第 76 行.
NOTIC: [2] Invalid argument supplied for foreach() D:\www\shopsn_api\Application\Home\Model\ClassModel.class.php 第 76 行.
NOTIC: [2] Invalid argument supplied for foreach() D:\www\shopsn_api\Application\Home\Model\ClassModel.class.php 第 76 行.
NOTIC: [2] Invalid argument supplied for foreach() D:\www\shopsn_api\Application\Home\Model\ClassModel.class.php 第 76 行.
NOTIC: [2] Invalid argument supplied for foreach() D:\www\shopsn_api\Application\Home\Model\ClassModel.class.php 第 76 行.
NOTIC: [2] Invalid argument supplied for foreach() D:\www\shopsn_api\Application\Home\Model\ClassModel.class.php 第 76 行.
NOTIC: [2] Invalid argument supplied for foreach() D:\www\shopsn_api\Application\Home\Model\ClassModel.class.php 第 76 行.
NOTIC: [2] Invalid argument supplied for foreach() D:\www\shopsn_api\Application\Home\Model\ClassModel.class.php 第 76 行.
NOTIC: [2] Invalid argument supplied for foreach() D:\www\shopsn_api\Application\Home\Model\ClassModel.class.php 第 76 行.
NOTIC: [2] Invalid argument supplied for foreach() D:\www\shopsn_api\Application\Home\Model\ClassModel.class.php 第 76 行.
NOTIC: [2] Invalid argument supplied for foreach() D:\www\shopsn_api\Application\Home\Model\ClassModel.class.php 第 76 行.
NOTIC: [2] Invalid argument supplied for foreach() D:\www\shopsn_api\Application\Home\Model\ClassModel.class.php 第 76 行.
NOTIC: [2] Invalid argument supplied for foreach() D:\www\shopsn_api\Application\Home\Model\ClassModel.class.php 第 76 行.
NOTIC: [2] Invalid argument supplied for foreach() D:\www\shopsn_api\Application\Home\Model\ClassModel.class.php 第 76 行.
NOTIC: [8] Undefined variable: order D:\www\shopsn_api\Application\Home\Model\ClassModel.class.php 第 111 行.
NOTIC: [2] Invalid argument supplied for foreach() D:\www\shopsn_api\Application\Home\Model\ClassModel.class.php 第 76 行.
NOTIC: [2] Invalid argument supplied for foreach() D:\www\shopsn_api\Application\Home\Model\ClassModel.class.php 第 76 行.
NOTIC: [2] Invalid argument supplied for foreach() D:\www\shopsn_api\Application\Home\Model\ClassModel.class.php 第 76 行.
NOTIC: [2] Invalid argument supplied for foreach() D:\www\shopsn_api\Application\Home\Model\ClassModel.class.php 第 76 行.
NOTIC: [2] Invalid argument supplied for foreach() D:\www\shopsn_api\Application\Home\Model\ClassModel.class.php 第 76 行.
NOTIC: [2] Invalid argument supplied for foreach() D:\www\shopsn_api\Application\Home\Model\ClassModel.class.php 第 76 行.
NOTIC: [2] Invalid argument supplied for foreach() D:\www\shopsn_api\Application\Home\Model\ClassModel.class.php 第 76 行.
NOTIC: [2] Invalid argument supplied for foreach() D:\www\shopsn_api\Application\Home\Model\ClassModel.class.php 第 76 行.
NOTIC: [2] Invalid argument supplied for foreach() D:\www\shopsn_api\Application\Home\Model\ClassModel.class.php 第 76 行.
NOTIC: [2] Invalid argument supplied for foreach() D:\www\shopsn_api\Application\Home\Model\ClassModel.class.php 第 76 行.
NOTIC: [2] Invalid argument supplied for foreach() D:\www\shopsn_api\Application\Home\Model\ClassModel.class.php 第 76 行.
NOTIC: [2] Invalid argument supplied for foreach() D:\www\shopsn_api\Application\Home\Model\ClassModel.class.php 第 76 行.
NOTIC: [2] Invalid argument supplied for foreach() D:\www\shopsn_api\Application\Home\Model\ClassModel.class.php 第 76 行.
NOTIC: [2] Invalid argument supplied for foreach() D:\www\shopsn_api\Application\Home\Model\ClassModel.class.php 第 76 行.
NOTIC: [2] Invalid argument supplied for foreach() D:\www\shopsn_api\Application\Home\Model\ClassModel.class.php 第 76 行.
NOTIC: [2] Invalid argument supplied for foreach() D:\www\shopsn_api\Application\Home\Model\ClassModel.class.php 第 76 行.
NOTIC: [2] Invalid argument supplied for foreach() D:\www\shopsn_api\Application\Home\Model\ClassModel.class.php 第 76 行.
NOTIC: [2] Invalid argument supplied for foreach() D:\www\shopsn_api\Application\Home\Model\ClassModel.class.php 第 76 行.
NOTIC: [2] Invalid argument supplied for foreach() D:\www\shopsn_api\Application\Home\Model\ClassModel.class.php 第 76 行.
NOTIC: [2] Invalid argument supplied for foreach() D:\www\shopsn_api\Application\Home\Model\ClassModel.class.php 第 76 行.
NOTIC: [2] Invalid argument supplied for foreach() D:\www\shopsn_api\Application\Home\Model\ClassModel.class.php 第 76 行.
NOTIC: [8] Undefined variable: order D:\www\shopsn_api\Application\Home\Model\ClassModel.class.php 第 111 行.
NOTIC: [8] Undefined variable: clearance D:\www\shopsn_api\Application\Home\Controller\IndexController.class.php 第 186 行.

