[ 2018-05-23T15:02:56+08:00 ] 122.208.129.42 /
INFO: [ app_init ] --START--
INFO: Run Behavior\BuildLiteBehavior [ RunTime:0.000000s ]
INFO: [ app_init ] --END-- [ RunTime:0.000000s ]
NOTIC: [8] Use of undefined constant WEB_HOST - assumed 'WEB_HOST' C:\crossEC\ShopsN_API\Application\Home\Conf\config.php 第 60 行.
NOTIC: [8] Use of undefined constant WEB_HOST - assumed 'WEB_HOST' C:\crossEC\ShopsN_API\Application\Home\Conf\config.php 第 61 行.
NOTIC: [8] Use of undefined constant WEB_HOST - assumed 'WEB_HOST' C:\crossEC\ShopsN_API\Application\Home\Conf\config.php 第 62 行.
NOTIC: [8] Use of undefined constant WEB_HOST - assumed 'WEB_HOST' C:\crossEC\ShopsN_API\Application\Home\Conf\config.php 第 63 行.
INFO: [ app_begin ] --START--
INFO: Run Behavior\ReadHtmlCacheBehavior [ RunTime:0.000000s ]
INFO: [ app_begin ] --END-- [ RunTime:0.000000s ]
ERR: 非法操作:index

[ 2018-05-23T15:06:32+08:00 ] 122.208.129.42 /
INFO: [ app_init ] --START--
INFO: Run Behavior\BuildLiteBehavior [ RunTime:0.000000s ]
INFO: [ app_init ] --END-- [ RunTime:0.000000s ]
NOTIC: [8] Use of undefined constant WEB_HOST - assumed 'WEB_HOST' C:\crossEC\ShopsN_API\Application\Home\Conf\config.php 第 60 行.
NOTIC: [8] Use of undefined constant WEB_HOST - assumed 'WEB_HOST' C:\crossEC\ShopsN_API\Application\Home\Conf\config.php 第 61 行.
NOTIC: [8] Use of undefined constant WEB_HOST - assumed 'WEB_HOST' C:\crossEC\ShopsN_API\Application\Home\Conf\config.php 第 62 行.
NOTIC: [8] Use of undefined constant WEB_HOST - assumed 'WEB_HOST' C:\crossEC\ShopsN_API\Application\Home\Conf\config.php 第 63 行.
INFO: [ app_begin ] --START--
INFO: Run Behavior\ReadHtmlCacheBehavior [ RunTime:0.000000s ]
INFO: [ app_begin ] --END-- [ RunTime:0.000000s ]
ERR: 非法操作:index

[ 2018-05-23T15:06:38+08:00 ] 122.208.129.42 /
INFO: [ app_init ] --START--
INFO: Run Behavior\BuildLiteBehavior [ RunTime:0.000000s ]
INFO: [ app_init ] --END-- [ RunTime:0.000000s ]
NOTIC: [8] Use of undefined constant WEB_HOST - assumed 'WEB_HOST' C:\crossEC\ShopsN_API\Application\Home\Conf\config.php 第 60 行.
NOTIC: [8] Use of undefined constant WEB_HOST - assumed 'WEB_HOST' C:\crossEC\ShopsN_API\Application\Home\Conf\config.php 第 61 行.
NOTIC: [8] Use of undefined constant WEB_HOST - assumed 'WEB_HOST' C:\crossEC\ShopsN_API\Application\Home\Conf\config.php 第 62 行.
NOTIC: [8] Use of undefined constant WEB_HOST - assumed 'WEB_HOST' C:\crossEC\ShopsN_API\Application\Home\Conf\config.php 第 63 行.
INFO: [ app_begin ] --START--
INFO: Run Behavior\ReadHtmlCacheBehavior [ RunTime:0.000000s ]
INFO: [ app_begin ] --END-- [ RunTime:0.000000s ]
ERR: 非法操作:index

[ 2018-05-23T15:54:08+08:00 ] 122.208.129.42 /Home
INFO: [ app_init ] --START--
INFO: Run Behavior\BuildLiteBehavior [ RunTime:0.000000s ]
INFO: [ app_init ] --END-- [ RunTime:0.000000s ]
NOTIC: [8] Use of undefined constant WEB_HOST - assumed 'WEB_HOST' C:\crossEC\ShopsN_API\Application\Home\Conf\config.php 第 60 行.
NOTIC: [8] Use of undefined constant WEB_HOST - assumed 'WEB_HOST' C:\crossEC\ShopsN_API\Application\Home\Conf\config.php 第 61 行.
NOTIC: [8] Use of undefined constant WEB_HOST - assumed 'WEB_HOST' C:\crossEC\ShopsN_API\Application\Home\Conf\config.php 第 62 行.
NOTIC: [8] Use of undefined constant WEB_HOST - assumed 'WEB_HOST' C:\crossEC\ShopsN_API\Application\Home\Conf\config.php 第 63 行.
INFO: [ app_begin ] --START--
INFO: Run Behavior\ReadHtmlCacheBehavior [ RunTime:0.000000s ]
INFO: [ app_begin ] --END-- [ RunTime:0.010000s ]
ERR: 非法操作:index

